proguard/seeds.txt
com.ludashi.mains.FlingGalleryView
com.ludashi.mains.FlingGalleryView: FlingGalleryView(android.content.Context,android.util.AttributeSet)
com.ludashi.mains.CustomTxtView
com.ludashi.mains.CustomTxtView: CustomTxtView(android.content.Context,android.util.AttributeSet)
com.ludashi.mains.FlingGalleryView
com.ludashi.mains.FlingGalleryView: FlingGalleryView(android.content.Context,android.util.AttributeSet,int)
com.ludashi.mains.ReadImage
com.ludashi.mains.ReadBook
com.ludashi.mains.SearchActivity
com.ludashi.mains.LuDaShiActivity
com.ludashi.mains.BookMarkActivity
com.ludashi.mains.ReadBook: void onClick(android.view.View)
...
com.juzi.main.DownManagement
com.juzi.main.DownManagement: com.juzi.main.w a
com.juzi.main.DownManagement: android.app.Dialog b
com.juzi.main.DownManagement: DownManagement()
com.juzi.main.DownManagement: void onCreate(android.os.Bundle)
com.juzi.main.DownManagement: void onDestroy()
com.juzi.main.DownManagement: com.juzi.main.w a(com.juzi.main.DownManagement)
com.juzi.main.DownManagement: void b(com.juzi.main.DownManagement)
com.juzi.main.DownManagement: android.app.Dialog c(com.juzi.main.DownManagement)
com.juzi.main.TheAdVirtualGoods
com.juzi.main.TheAdVirtualGoods: boolean m
com.juzi.main.TheAdVirtualGoods: android.widget.LinearLayout$LayoutParams n
com.juzi.main.TheAdVirtualGoods: android.widget.RelativeLayout$LayoutParams o
com.juzi.main.TheAdVirtualGoods: android.widget.RelativeLayout$LayoutParams a
com.juzi.main.TheAdVirtualGoods: android.widget.RelativeLayout$LayoutParams p
com.juzi.main.TheAdVirtualGoods: android.widget.RelativeLayout q
com.juzi.main.TheAdVirtualGoods: com.juzi.main.ag r
com.juzi.main.TheAdVirtualGoods: com.juzi.main.ag s
com.juzi.main.TheAdVirtualGoods: com.juzi.main.ag t
com.juzi.main.TheAdVirtualGoods: com.juzi.main.ag u
com.juzi.main.TheAdVirtualGoods: com.juzi.main.ag v
com.juzi.main.TheAdVirtualGoods: java.lang.String w
com.juzi.main.TheAdVirtualGoods: boolean x
com.juzi.main.TheAdVirtualGoods: boolean y
com.juzi.main.TheAdVirtualGoods: android.widget.TextView z
com.juzi.main.TheAdVirtualGoods: android.widget.ImageButton b
com.juzi.main.TheAdVirtualGoods: android.widget.ImageButton c
com.juzi.main.TheAdVirtualGoods: android.widget.Button d
com.juzi.main.TheAdVirtualGoods: android.widget.Button e
com.juzi.main.TheAdVirtualGoods: android.widget.ListView f
com.juzi.main.TheAdVirtualGoods: android.widget.TextView g
com.juzi.main.TheAdVirtualGoods: android.widget.BaseAdapter h
com.juzi.main.TheAdVirtualGoods: android.widget.BaseAdapter i
com.juzi.main.TheAdVirtualGoods: java.lang.String A
com.juzi.main.AppConnect
com.juzi.main.AppConnect: com.juzi.main.a a
com.juzi.main.AppConnect: android.content.Context context
com.juzi.main.AppConnect: int juzigole
com.juzi.main.AppConnect: com.juzi.main.AppConnect b
com.juzi.main.AppConnect: java.lang.String usrdata
com.juzi.main.AppConnect: java.lang.String appid_a
com.juzi.main.AppConnect: java.lang.String marketid_a
com.juzi.main.AppConnect: long appcountTime
com.juzi.main.AppConnect: boolean findtime
com.juzi.main.AppConnect: com.juzi.main.JuZiListener mr
com.juzi.main.AppConnect: com.juzi.main.ap c
com.juzi.main.AppConnect: com.juzi.main.e addpackage
com.juzi.main.AppConnect: boolean wallsound
com.juzi.main.AppConnect: void <clinit>()
com.juzi.main.AppConnect: AppConnect(android.content.Context)
com.juzi.main.AppConnect: com.juzi.main.AppConnect getInstance(android.content.Context)
com.juzi.main.AppConnect: com.juzi.main.AppConnect getInstance(android.content.Context,java.lang.String)
com.juzi.main.AppConnect: void setAppid(java.lang.String,java.lang.String)
com.juzi.main.AppConnect: void setMethodRewrite(com.juzi.main.JuZiListener)
com.juzi.main.AppConnect: void register()
com.juzi.main.AppConnect: void showGoodsWall(android.app.Activity)
com.juzi.main.AppConnect: void showGoodsWall(android.app.Activity,java.lang.String)
com.juzi.main.AppConnect: void showOffers(android.content.Context)
com.juzi.main.AppConnect: void showMore(android.content.Context)