proguard/mapping.txt
com.ludashi.mains.AddBookMarkDlg -> com.ludashi.mains.al:
    android.widget.Button btnConfirm -> a
    android.widget.Button btnCancel -> b
    android.widget.EditText editMarkName -> c
    java.lang.String markName -> d
    void onClick(android.view.View) -> onClick
com.ludashi.mains.BookContent -> com.ludashi.mains.d:
    android.view.View view -> a
    android.content.Context context -> b
    android.widget.ImageView dbutten -> c
    android.widget.ImageView icon -> d
    android.widget.ImageView content_iamge -> e
    android.view.View loading -> f
    java.lang.String data -> g
    java.lang.String book_id -> h
    android.widget.TextView title -> i
    android.widget.TextView author -> j
    android.widget.TextView time -> k
    android.widget.TextView desc -> l
    org.json.JSONObject downUrl -> m
    android.view.View$OnClickListener on -> n
    void onConnectionEndListener() -> a
    android.widget.ImageView access$0(com.ludashi.mains.BookContent) -> a
    org.json.JSONObject access$1(com.ludashi.mains.BookContent) -> b
    java.lang.String access$2(com.ludashi.mains.BookContent) -> c
    android.content.Context access$3(com.ludashi.mains.BookContent) -> d
    void access$4(com.ludashi.mains.BookContent,java.lang.String) -> a
    java.lang.String access$5(com.ludashi.mains.BookContent) -> e
    void access$6(com.ludashi.mains.BookContent,android.view.View) -> a
    android.view.View access$7(com.ludashi.mains.BookContent) -> f
    android.view.View$OnClickListener access$8(com.ludashi.mains.BookContent) -> g
    void access$9(com.ludashi.mains.BookContent,android.widget.ImageView) -> a
    void access$10(com.ludashi.mains.BookContent,android.widget.TextView) -> a
com.ludashi.mains.BookContent$1 -> com.ludashi.mains.ao:
    com.ludashi.mains.BookContent this$0 -> a
    void onClick(android.view.View) -> onClick
com.ludashi.mains.BookContent$2 -> com.ludashi.mains.am:
    com.ludashi.mains.BookContent this$0 -> a
    void run() -> run
com.ludashi.mains.BookContent$2$1 -> com.ludashi.mains.ap:
    com.ludashi.mains.BookContent$2 this$1 -> a
    void run() -> run
com.ludashi.mains.BookContent$2$1$1 -> com.ludashi.mains.aq:
    com.ludashi.mains.BookContent$2$1 this$2 -> a
    void run() -> run
com.ludashi.mains.BookContent$3 -> com.ludashi.mains.an:
    com.ludashi.mains.BookContent this$0 -> a
    void run() -> run
com.ludashi.mains.BookMarkActivity -> com.ludashi.mains.BookMarkActivity:
    android.widget.Button btnAdd -> g
    android.widget.Button btnClear -> h
    android.widget.Button btnGo -> i
    com.ludashi.mains.AddBookMarkDlg addBookMarkDlg -> a
    android.view.View$OnClickListener oclClick -> j
    com.ludashi.mains.BookMarkDBHelper dbHelper -> k
    android.database.sqlite.SQLiteDatabase db -> b
    android.database.Cursor c -> c
    android.widget.Spinner s -> l
    java.lang.String bookName -> d
    int position -> e
    int markGo -> f
    void onCreate(android.os.Bundle) -> onCreate
    void onResume() -> onResume
    void onDestroy() -> onDestroy
    void updateSpinner() -> a
com.ludashi.mains.BookMarkActivity$1 -> com.ludashi.mains.ai:
    com.ludashi.mains.BookMarkActivity this$0 -> a
    void onDismiss(android.content.DialogInterface) -> onDismiss
com.ludashi.mains.BookMarkActivity$2 -> com.ludashi.mains.aj:
    com.ludashi.mains.BookMarkActivity this$0 -> a
    void onClick(android.view.View) -> onClick
com.ludashi.mains.BookMarkActivity$3 -> com.ludashi.mains.ae:
    com.ludashi.mains.BookMarkActivity this$0 -> a
    int val$markIdx -> b
    void onItemSelected(android.widget.AdapterView,android.view.View,int,long) -> onItemSelected
    void onNothingSelected(android.widget.AdapterView) -> onNothingSelected
com.ludashi.mains.BookMarkDBHelper -> com.ludashi.mains.ak:
    void onCreate(android.database.sqlite.SQLiteDatabase) -> onCreate
    void onUpgrade(android.database.sqlite.SQLiteDatabase,int,int) -> onUpgrade
...
com.ludashi.adapter.BookAdapter$1 -> com.ludashi.adapter.k:
    com.ludashi.adapter.BookAdapter this$0 -> a
    void run() -> run
com.ludashi.adapter.BookAdapter$2 -> com.ludashi.adapter.l:
    com.ludashi.adapter.BookAdapter this$0 -> a
    void run() -> run
com.ludashi.adapter.BookAdapter$3 -> com.ludashi.adapter.j:
    com.ludashi.adapter.BookAdapter this$0 -> a
    void run() -> run
com.ludashi.adapter.BookAdapter$ViewHolder -> com.ludashi.adapter.n:
    android.widget.ImageView icn -> a
    android.widget.TextView tv -> b
    com.ludashi.adapter.BookAdapter this$0 -> c
com.ludashi.adapter.DownAdapter -> com.ludashi.adapter.m:
    android.content.Context context -> a
    org.json.JSONArray data -> b
    java.io.File f -> c
    android.graphics.Bitmap[] icon -> d
    com.ludashi.tool.Rms rms -> e
    java.lang.String path -> f
    int completem -> g
    java.text.DecimalFormat fnum -> h
    int getCount() -> getCount
    java.lang.Object getItem(int) -> getItem
    long getItemId(int) -> getItemId
    int getItemViewType(int) -> getItemViewType
    void toUpdata() -> b
    android.view.View getView(int,android.view.View,android.view.ViewGroup) -> getView
    void onConnectionEndListener() -> a
    boolean delAllFile(java.lang.String) -> a
    android.content.Context access$0(com.ludashi.adapter.DownAdapter) -> a
    com.ludashi.tool.Rms access$1(com.ludashi.adapter.DownAdapter) -> b
    java.lang.String access$2(com.ludashi.adapter.DownAdapter) -> c
    boolean access$3(com.ludashi.adapter.DownAdapter,java.lang.String) -> a
com.ludashi.adapter.DownAdapter$1 -> com.ludashi.adapter.c:
    com.ludashi.adapter.DownAdapter this$0 -> a
    org.json.JSONObject val$json -> b
    void onClick(android.view.View) -> onClick
com.ludashi.adapter.DownAdapter$2 -> com.ludashi.adapter.d:
    com.ludashi.adapter.DownAdapter this$0 -> a
    org.json.JSONObject val$json -> b
    void onClick(android.view.View) -> onClick
com.ludashi.adapter.DownAdapter$3 -> com.ludashi.adapter.e:
    com.ludashi.adapter.DownAdapter this$0 -> a
    org.json.JSONObject val$json -> b
    void onClick(android.view.View) -> onClick
com.ludashi.adapter.DownAdapter$4 -> com.ludashi.adapter.f:
    com.ludashi.adapter.DownAdapter this$0 -> a
    org.json.JSONObject val$json -> b
    void onClick(android.view.View) -> onClick
com.ludashi.adapter.DownAdapter$ViewIng -> com.ludashi.adapter.i:
    android.widget.ImageView icn -> a
    android.widget.TextView name -> b
    android.widget.TextView se -> c
    android.widget.ProgressBar pg -> d
    android.widget.Button play -> e
    android.widget.Button delete -> f
    com.ludashi.adapter.DownAdapter this$0 -> g
com.ludashi.adapter.EmptyViewMethodAccessor -> com.ludashi.adapter.p:
    void setEmptyViewInternal(android.view.View) -> a
com.ludashi.adapter.ImageAdapter -> com.ludashi.adapter.a:
    android.content.Context context -> a
    java.lang.String name -> b
    java.io.File dir -> c
    int getCount() -> getCount
    java.lang.Object getItem(int) -> getItem
    long getItemId(int) -> getItemId
    android.view.View getView(int,android.view.View,android.view.ViewGroup) -> getView
    void onConnectionEndListener() -> a
com.ludashi.adapter.LoadingLayout -> com.ludashi.adapter.g:
    android.widget.ImageView headerImage -> a
    android.widget.ProgressBar headerProgress -> b
    java.lang.String pullLabel -> c
    java.lang.String refreshingLabel -> d
    java.lang.String releaseLabel -> e
    android.view.animation.Animation rotateAnimation -> f
    android.view.animation.Animation resetRotateAnimation -> g
    void reset() -> a
    void releaseToRefresh() -> b
    void refreshing() -> c
    void pullToRefresh() -> d