proguard/usage.txt
com.ludashi.mains.BookContent:
    144:145:protected boolean isFileExist(java.lang.String)
com.ludashi.mains.BookMarkActivity:
    public static final java.lang.String DB_NAME
    public static final int VERSION
com.ludashi.mains.BookMarkDBHelper:
    public static final java.lang.String TB_NAME
    public static final java.lang.String BOOK_NAME
    public static final java.lang.String MARK_NAME
    public static final java.lang.String POSITION
com.ludashi.mains.CustomTxtView:
    private static final int C_MENU_BEGIN_SELECTION
    26:33:public boolean onContextMenuItem(int)
    94:94:public boolean isInSelectMode()
com.ludashi.mains.CustomTxtView$MenuHandler
com.ludashi.mains.FlingGalleryView:
    private static final int SNAP_VELOCITY
    private float mLastMotionY
    private static final int TOUCH_STATE_REST
    private static final int TOUCH_STATE_SCROLLING
    private com.ludashi.mains.FlingGalleryView$OnCustomTouchListener mCustomTouchListener
    352:352:public int getCurrentScreen()
    360:363:public void setOnScrollToScreenListener(com.ludashi.mains.FlingGalleryView$OnScrollToScreenListener)
    370:373:public void setOnCustomTouchListener(com.ludashi.mains.FlingGalleryView$OnCustomTouchListener)
    393:394:public void setEveryScreen(boolean)
com.ludashi.mains.FlingGalleryView$OnCustomTouchListener
com.ludashi.mains.LuDaShiActivity:
    private static final int MENU_INIT
    private static final int MENU_MAIN
    private static final int MENU_NEW_1
    private static final int MENU_NEW_2
    private static final int MENU_CLASS_1
    private static final int MENU_CLASS_2
    private static final int MENU_CLASS_3
    private static final int ty_class
    private static final int ty_book
com.ludashi.mains.R$attr
com.ludashi.mains.R$color
com.ludashi.mains.R$drawable
com.ludashi.mains.R$id
com.ludashi.mains.R$layout
com.ludashi.mains.R$string
com.ludashi.mains.R$styleable:
    public static final int FlingGalleryView_defaultScreen
    public static final int Gallery1_android_galleryItemBackground
    public static final int PullToRefresh_adapterViewBackground
    public static final int PullToRefresh_headerBackground
    public static final int PullToRefresh_headerTextColor
    public static final int PullToRefresh_mode
com.ludashi.mains.ReadBook:
    319:347:public java.lang.String openFile(java.lang.String)
    438:443:private java.lang.String stringFilter(java.lang.String)
    447:455:public static java.lang.String ToDBC(java.lang.String)
com.ludashi.mains.SearchActivity:
    private static final int MENU_1
    private static final int MENU_2
...
com.ludashi.adapter.DownAdapter:
    private java.io.File dir
com.ludashi.adapter.EmptyViewMethodAccessor:
    public abstract void setEmptyView(android.view.View)
com.ludashi.adapter.ImageAdapter$ViewHolder
com.ludashi.adapter.LoadingLayout:
    static final int DEFAULT_ROTATION_ANIMATION_DURATION
    77:78:public void setPullLabel(java.lang.String)
    87:88:public void setRefreshingLabel(java.lang.String)
    91:92:public void setReleaseLabel(java.lang.String)
com.ludashi.adapter.PullToRefreshAdapterViewBase:
    private android.widget.ImageView mTopImageView
    34:36:public PullToRefreshAdapterViewBase(android.content.Context,int)
    public abstract android.view.ContextMenu$ContextMenuInfo getContextMenuInfo()
    71:82:public void setBackToTopView(android.widget.ImageView)
    122:123:public final void setOnLastItemVisibleListener(com.ludashi.adapter.PullToRefreshBase$OnLastItemVisibleListener)
    126:127:public final void setOnScrollListener(android.widget.AbsListView$OnScrollListener)
com.ludashi.adapter.PullToRefreshAdapterViewBase$1
com.ludashi.adapter.PullToRefreshBase:
    static final float FRICTION
    static final int PULL_TO_REFRESH
    static final int RELEASE_TO_REFRESH
    static final int REFRESHING
    static final int MANUAL_REFRESHING
    public static final int MODE_PULL_DOWN_TO_REFRESH
    public static final int MODE_PULL_UP_TO_REFRESH
    public static final int MODE_BOTH
    133:136:public PullToRefreshBase(android.content.Context,int)
    154:154:public final android.view.View getAdapterView()
    173:173:public final boolean isPullToRefreshEnabled()
    183:183:public final boolean isDisableScrollingWhileRefreshing()
    203:204:public final void setDisableScrollingWhileRefreshing(boolean)
    233:234:public final void setPullToRefreshEnabled(boolean)
    244:250:public void setReleaseLabel(java.lang.String)
    259:265:public void setPullLabel(java.lang.String)
    274:280:public void setRefreshingLabel(java.lang.String)
    283:284:public final void setRefreshing()
    294:298:public final void setRefreshing(boolean)
    301:301:public final boolean hasPullFromTop()
    447:447:protected final int getCurrentMode()
    451:451:protected final com.ludashi.adapter.LoadingLayout getFooterLayout()
    455:455:protected final com.ludashi.adapter.LoadingLayout getHeaderLayout()
    459:459:protected final int getHeaderHeight()
    463:463:protected final int getMode()
com.ludashi.adapter.PullToRefreshBase$SmoothScrollRunnable:
    static final int ANIMATION_DURATION_MS
    static final int ANIMATION_FPS
com.ludashi.adapter.PullToRefreshGridView:
    41:42:public PullToRefreshGridView(android.content.Context,int)
com.ludashi.tool.Downloader:
    android.content.Intent localIntent
    public java.lang.String fileNameApk
    int mainlist
    134:134:protected java.lang.String downProgress()
com.ludashi.tool.MyZipUtil:
    private static final int BUFF_SIZE
com.ludashi.tool.Parameter:
    public static final java.lang.String cache
    public static final java.lang.String download
    31:41:public static android.graphics.drawable.Drawable getDrawable(java.lang.String)
com.ludashi.tool.ReadDataTxt
com.ludashi.tool.Rms:
    46:60:public org.json.JSONObject getDown(java.lang.String)